2018-06-29 16:17:22.6527 TRACE Application Launched
2018-06-29 16:17:25.5697 TRACE Application Exited
2018-06-29 16:20:44.7683 TRACE Application Launched
2018-06-29 16:21:10.1658 DEBUG Validation Failure Exception : Incorrect Input (fsdf)
2018-06-29 16:21:15.7275 DEBUG Validation Failure Exception : Incorrect Input (dsfdsf)
2018-06-29 16:21:22.0119 TRACE Application Exited
2018-06-29 17:01:28.3802 TRACE Application Launched
2018-06-29 17:01:36.9967 TRACE Application Exited
2018-06-29 17:05:05.9321 TRACE Application Launched
2018-06-29 17:07:00.4363 TRACE Application Exited
2018-06-29 17:07:54.9965 TRACE Application Launched
2018-06-29 17:07:57.5679 TRACE Application Exited
2018-06-29 17:08:01.1515 TRACE Application Launched
2018-06-29 17:11:38.4852 TRACE Application Exited
2018-06-29 17:11:51.7239 TRACE Application Launched
2018-06-29 17:12:21.9602 TRACE Application Launched
2018-06-29 17:18:03.5823 TRACE Application Launched
2018-06-29 17:18:32.0873 DEBUG Validation Failure Exception: Incorrect Price Input (-$100)
2018-06-29 17:18:54.0148 TRACE Application Launched
2018-06-29 17:19:45.7735 TRACE Application Exited
2018-06-29 17:20:45.4604 TRACE Application Launched
2018-06-29 17:20:56.4111 DEBUG Validation Failure Exception: Incorrect Price Input (-$10)
2018-06-29 17:20:59.0655 TRACE Application Exited
